Terminals unused in grammar

   '<'
   '>'
   EXTENDS


Грамматика

    0 $accept: Program $end

    1 Program: MainClass
    2        | MainClass ClassDecls

    3 ClassDecls: ClassDecl
    4           | ClassDecls ClassDecl

    5 MainClass: CLASS ID '{' PUBLIC STATIC VOID MAIN '(' STRING '[' ']' ID ')' '{' Statement '}' '}'

    6 ClassDecl: CLASS ID '{' '}'
    7          | CLASS ID '{' VarDecls '}'
    8          | CLASS ID '{' VarDecls MethodDecls '}'
    9          | CLASS ID '{' MethodDecls '}'

   10 VarDecls: VarDecl
   11         | VarDecls VarDecl

   12 VarDecl: Type ID ';'

   13 MethodDecls: MethodDecl
   14            | MethodDecls MethodDecl

   15 MethodDecl: PUBLIC Type ID '(' FormalList ')' '{' RETURN Exp ';' '}'
   16           | PUBLIC Type ID '(' FormalList ')' '{' VarDecls RETURN Exp ';' '}'
   17           | PUBLIC Type ID '(' FormalList ')' '{' VarDecls Statements RETURN Exp ';' '}'
   18           | PUBLIC Type ID '(' FormalList ')' '{' Statements RETURN Exp ';' '}'
   19           | PUBLIC Type ID '(' ')' '{' RETURN Exp ';' '}'
   20           | PUBLIC Type ID '(' ')' '{' VarDecls RETURN Exp ';' '}'
   21           | PUBLIC Type ID '(' ')' '{' VarDecls Statements RETURN Exp ';' '}'
   22           | PUBLIC Type ID '(' ')' '{' Statements RETURN Exp ';' '}'

   23 FormalList: Type ID
   24           | Type ID FormalRest

   25 FormalRest: ',' Type ID
   26           | FormalRest ',' Type ID

   27 Type: INT
   28     | INT '[' ']'
   29     | BOOLEAN
   30     | ID

   31 Statements: Statement
   32           | Statements Statement

   33 Statement: ID '=' Exp
   34          | ID '[' Exp ']' '=' Exp ';'
   35          | SYSTEM_OUT_PRINTLN '(' Exp ')' ';'
   36          | '{' '}'
   37          | '{' Statements '}'
   38          | IF '(' Exp ')' Statement ELSE Statement
   39          | WHILE '(' Exp ')' Statement

   40 Exp: Exp '*' Exp
   41    | Exp '+' Exp
   42    | Exp '/' Exp
   43    | Exp '-' Exp
   44    | '-' Exp
   45    | Exp '[' Exp ']'
   46    | Exp '.' LENGTH
   47    | Exp '.' ID '(' ExpList ')'
   48    | Exp '.' ID '(' ')'
   49    | INTEGER_LITERAL
   50    | TRUE
   51    | FALSE
   52    | ID
   53    | THIS
   54    | NEW INT '[' Exp ']'
   55    | NEW ID '(' ')'
   56    | '!' Exp
   57    | '(' Exp ')'

   58 ExpList: Exp
   59        | Exp ExpRest

   60 ExpRest: ',' Exp
   61        | ExpRest ',' Exp


Терминальные символы с правилами, в которых они появляются

$end (0) 0
'!' (33) 56
'(' (40) 5 15 16 17 18 19 20 21 22 35 38 39 47 48 55 57
')' (41) 5 15 16 17 18 19 20 21 22 35 38 39 47 48 55 57
'*' (42) 40
'+' (43) 41
',' (44) 25 26 60 61
'-' (45) 43 44
'.' (46) 46 47 48
'/' (47) 42
';' (59) 12 15 16 17 18 19 20 21 22 34 35
'<' (60)
'=' (61) 33 34
'>' (62)
'[' (91) 5 28 34 45 54
']' (93) 5 28 34 45 54
'{' (123) 5 6 7 8 9 15 16 17 18 19 20 21 22 36 37
'}' (125) 5 6 7 8 9 15 16 17 18 19 20 21 22 36 37
error (256)
UMINUS (258)
CLASS (259) 5 6 7 8 9
PUBLIC (260) 5 15 16 17 18 19 20 21 22
STATIC (261) 5
VOID (262) 5
MAIN (263) 5
EXTENDS (264)
RETURN (265) 15 16 17 18 19 20 21 22
ELSE (266) 38
IF (267) 38
WHILE (268) 39
SYSTEM_OUT_PRINTLN (269) 35
LENGTH (270) 46
TRUE (271) 50
FALSE (272) 51
NEW (273) 54 55
THIS (274) 53
ID (275) 5 6 7 8 9 12 15 16 17 18 19 20 21 22 23 24 25 26 30 33 34
    47 48 52 55
INTEGER_LITERAL (276) 49
STRING (277) 5
BOOLEAN (278) 29
INT (279) 27 28 54


Нетерминальные символы с правилами, в которых они появляются

$accept (42)
    налево: 0
Program (43)
    налево: 1 2, направо: 0
ClassDecls (44)
    налево: 3 4, направо: 2 4
MainClass (45)
    налево: 5, направо: 1 2
ClassDecl (46)
    налево: 6 7 8 9, направо: 3 4
VarDecls (47)
    налево: 10 11, направо: 7 8 11 16 17 20 21
VarDecl (48)
    налево: 12, направо: 10 11
MethodDecls (49)
    налево: 13 14, направо: 8 9 14
MethodDecl (50)
    налево: 15 16 17 18 19 20 21 22, направо: 13 14
FormalList (51)
    налево: 23 24, направо: 15 16 17 18
FormalRest (52)
    налево: 25 26, направо: 24 26
Type (53)
    налево: 27 28 29 30, направо: 12 15 16 17 18 19 20 21 22 23 24
    25 26
Statements (54)
    налево: 31 32, направо: 17 18 21 22 32 37
Statement (55)
    налево: 33 34 35 36 37 38 39, направо: 5 31 32 38 39
Exp (56)
    налево: 40 41 42 43 44 45 46 47 48 49 50 51 52 53 54 55 56 57,
    направо: 15 16 17 18 19 20 21 22 33 34 35 38 39 40 41 42 43 44
    45 46 47 48 54 56 57 58 59 60 61
ExpList (57)
    налево: 58 59, направо: 47
ExpRest (58)
    налево: 60 61, направо: 59 61


состояние 0

    0 $accept: . Program $end

    CLASS  сдвиг, и переход в состояние 1

    Program    переход в состояние 2
    MainClass  переход в состояние 3


состояние 1

    5 MainClass: CLASS . ID '{' PUBLIC STATIC VOID MAIN '(' STRING '[' ']' ID ')' '{' Statement '}' '}'

    ID  сдвиг, и переход в состояние 4


состояние 2

    0 $accept: Program . $end

    $end  сдвиг, и переход в состояние 5


состояние 3

    1 Program: MainClass .
    2        | MainClass . ClassDecls

    CLASS  сдвиг, и переход в состояние 6

    $default  вывод с использованием правила 1 (Program)

    ClassDecls  переход в состояние 7
    ClassDecl   переход в состояние 8


состояние 4

    5 MainClass: CLASS ID . '{' PUBLIC STATIC VOID MAIN '(' STRING '[' ']' ID ')' '{' Statement '}' '}'

    '{'  сдвиг, и переход в состояние 9


состояние 5

    0 $accept: Program $end .

    $default  accept


состояние 6

    6 ClassDecl: CLASS . ID '{' '}'
    7          | CLASS . ID '{' VarDecls '}'
    8          | CLASS . ID '{' VarDecls MethodDecls '}'
    9          | CLASS . ID '{' MethodDecls '}'

    ID  сдвиг, и переход в состояние 10


состояние 7

    2 Program: MainClass ClassDecls .
    4 ClassDecls: ClassDecls . ClassDecl

    CLASS  сдвиг, и переход в состояние 6

    $default  вывод с использованием правила 2 (Program)

    ClassDecl  переход в состояние 11


состояние 8

    3 ClassDecls: ClassDecl .

    $default  вывод с использованием правила 3 (ClassDecls)


состояние 9

    5 MainClass: CLASS ID '{' . PUBLIC STATIC VOID MAIN '(' STRING '[' ']' ID ')' '{' Statement '}' '}'

    PUBLIC  сдвиг, и переход в состояние 12


состояние 10

    6 ClassDecl: CLASS ID . '{' '}'
    7          | CLASS ID . '{' VarDecls '}'
    8          | CLASS ID . '{' VarDecls MethodDecls '}'
    9          | CLASS ID . '{' MethodDecls '}'

    '{'  сдвиг, и переход в состояние 13


состояние 11

    4 ClassDecls: ClassDecls ClassDecl .

    $default  вывод с использованием правила 4 (ClassDecls)


состояние 12

    5 MainClass: CLASS ID '{' PUBLIC . STATIC VOID MAIN '(' STRING '[' ']' ID ')' '{' Statement '}' '}'

    STATIC  сдвиг, и переход в состояние 14


состояние 13

    6 ClassDecl: CLASS ID '{' . '}'
    7          | CLASS ID '{' . VarDecls '}'
    8          | CLASS ID '{' . VarDecls MethodDecls '}'
    9          | CLASS ID '{' . MethodDecls '}'

    PUBLIC   сдвиг, и переход в состояние 15
    ID       сдвиг, и переход в состояние 16
    BOOLEAN  сдвиг, и переход в состояние 17
    INT      сдвиг, и переход в состояние 18
    '}'      сдвиг, и переход в состояние 19

    VarDecls     переход в состояние 20
    VarDecl      переход в состояние 21
    MethodDecls  переход в состояние 22
    MethodDecl   переход в состояние 23
    Type         переход в состояние 24


состояние 14

    5 MainClass: CLASS ID '{' PUBLIC STATIC . VOID MAIN '(' STRING '[' ']' ID ')' '{' Statement '}' '}'

    VOID  сдвиг, и переход в состояние 25


состояние 15

   15 MethodDecl: PUBLIC . Type ID '(' FormalList ')' '{' RETURN Exp ';' '}'
   16           | PUBLIC . Type ID '(' FormalList ')' '{' VarDecls RETURN Exp ';' '}'
   17           | PUBLIC . Type ID '(' FormalList ')' '{' VarDecls Statements RETURN Exp ';' '}'
   18           | PUBLIC . Type ID '(' FormalList ')' '{' Statements RETURN Exp ';' '}'
   19           | PUBLIC . Type ID '(' ')' '{' RETURN Exp ';' '}'
   20           | PUBLIC . Type ID '(' ')' '{' VarDecls RETURN Exp ';' '}'
   21           | PUBLIC . Type ID '(' ')' '{' VarDecls Statements RETURN Exp ';' '}'
   22           | PUBLIC . Type ID '(' ')' '{' Statements RETURN Exp ';' '}'

    ID       сдвиг, и переход в состояние 16
    BOOLEAN  сдвиг, и переход в состояние 17
    INT      сдвиг, и переход в состояние 18

    Type  переход в состояние 26


состояние 16

   30 Type: ID .

    $default  вывод с использованием правила 30 (Type)


состояние 17

   29 Type: BOOLEAN .

    $default  вывод с использованием правила 29 (Type)


состояние 18

   27 Type: INT .
   28     | INT . '[' ']'

    '['  сдвиг, и переход в состояние 27

    $default  вывод с использованием правила 27 (Type)


состояние 19

    6 ClassDecl: CLASS ID '{' '}' .

    $default  вывод с использованием правила 6 (ClassDecl)


состояние 20

    7 ClassDecl: CLASS ID '{' VarDecls . '}'
    8          | CLASS ID '{' VarDecls . MethodDecls '}'
   11 VarDecls: VarDecls . VarDecl

    PUBLIC   сдвиг, и переход в состояние 15
    ID       сдвиг, и переход в состояние 16
    BOOLEAN  сдвиг, и переход в состояние 17
    INT      сдвиг, и переход в состояние 18
    '}'      сдвиг, и переход в состояние 28

    VarDecl      переход в состояние 29
    MethodDecls  переход в состояние 30
    MethodDecl   переход в состояние 23
    Type         переход в состояние 24


состояние 21

   10 VarDecls: VarDecl .

    $default  вывод с использованием правила 10 (VarDecls)


состояние 22

    9 ClassDecl: CLASS ID '{' MethodDecls . '}'
   14 MethodDecls: MethodDecls . MethodDecl

    PUBLIC  сдвиг, и переход в состояние 15
    '}'     сдвиг, и переход в состояние 31

    MethodDecl  переход в состояние 32


состояние 23

   13 MethodDecls: MethodDecl .

    $default  вывод с использованием правила 13 (MethodDecls)


состояние 24

   12 VarDecl: Type . ID ';'

    ID  сдвиг, и переход в состояние 33


состояние 25

    5 MainClass: CLASS ID '{' PUBLIC STATIC VOID . MAIN '(' STRING '[' ']' ID ')' '{' Statement '}' '}'

    MAIN  сдвиг, и переход в состояние 34


состояние 26

   15 MethodDecl: PUBLIC Type . ID '(' FormalList ')' '{' RETURN Exp ';' '}'
   16           | PUBLIC Type . ID '(' FormalList ')' '{' VarDecls RETURN Exp ';' '}'
   17           | PUBLIC Type . ID '(' FormalList ')' '{' VarDecls Statements RETURN Exp ';' '}'
   18           | PUBLIC Type . ID '(' FormalList ')' '{' Statements RETURN Exp ';' '}'
   19           | PUBLIC Type . ID '(' ')' '{' RETURN Exp ';' '}'
   20           | PUBLIC Type . ID '(' ')' '{' VarDecls RETURN Exp ';' '}'
   21           | PUBLIC Type . ID '(' ')' '{' VarDecls Statements RETURN Exp ';' '}'
   22           | PUBLIC Type . ID '(' ')' '{' Statements RETURN Exp ';' '}'

    ID  сдвиг, и переход в состояние 35


состояние 27

   28 Type: INT '[' . ']'

    ']'  сдвиг, и переход в состояние 36


состояние 28

    7 ClassDecl: CLASS ID '{' VarDecls '}' .

    $default  вывод с использованием правила 7 (ClassDecl)


состояние 29

   11 VarDecls: VarDecls VarDecl .

    $default  вывод с использованием правила 11 (VarDecls)


состояние 30

    8 ClassDecl: CLASS ID '{' VarDecls MethodDecls . '}'
   14 MethodDecls: MethodDecls . MethodDecl

    PUBLIC  сдвиг, и переход в состояние 15
    '}'     сдвиг, и переход в состояние 37

    MethodDecl  переход в состояние 32


состояние 31

    9 ClassDecl: CLASS ID '{' MethodDecls '}' .

    $default  вывод с использованием правила 9 (ClassDecl)


состояние 32

   14 MethodDecls: MethodDecls MethodDecl .

    $default  вывод с использованием правила 14 (MethodDecls)


состояние 33

   12 VarDecl: Type ID . ';'

    ';'  сдвиг, и переход в состояние 38


состояние 34

    5 MainClass: CLASS ID '{' PUBLIC STATIC VOID MAIN . '(' STRING '[' ']' ID ')' '{' Statement '}' '}'

    '('  сдвиг, и переход в состояние 39


состояние 35

   15 MethodDecl: PUBLIC Type ID . '(' FormalList ')' '{' RETURN Exp ';' '}'
   16           | PUBLIC Type ID . '(' FormalList ')' '{' VarDecls RETURN Exp ';' '}'
   17           | PUBLIC Type ID . '(' FormalList ')' '{' VarDecls Statements RETURN Exp ';' '}'
   18           | PUBLIC Type ID . '(' FormalList ')' '{' Statements RETURN Exp ';' '}'
   19           | PUBLIC Type ID . '(' ')' '{' RETURN Exp ';' '}'
   20           | PUBLIC Type ID . '(' ')' '{' VarDecls RETURN Exp ';' '}'
   21           | PUBLIC Type ID . '(' ')' '{' VarDecls Statements RETURN Exp ';' '}'
   22           | PUBLIC Type ID . '(' ')' '{' Statements RETURN Exp ';' '}'

    '('  сдвиг, и переход в состояние 40


состояние 36

   28 Type: INT '[' ']' .

    $default  вывод с использованием правила 28 (Type)


состояние 37

    8 ClassDecl: CLASS ID '{' VarDecls MethodDecls '}' .

    $default  вывод с использованием правила 8 (ClassDecl)


состояние 38

   12 VarDecl: Type ID ';' .

    $default  вывод с использованием правила 12 (VarDecl)


состояние 39

    5 MainClass: CLASS ID '{' PUBLIC STATIC VOID MAIN '(' . STRING '[' ']' ID ')' '{' Statement '}' '}'

    STRING  сдвиг, и переход в состояние 41


состояние 40

   15 MethodDecl: PUBLIC Type ID '(' . FormalList ')' '{' RETURN Exp ';' '}'
   16           | PUBLIC Type ID '(' . FormalList ')' '{' VarDecls RETURN Exp ';' '}'
   17           | PUBLIC Type ID '(' . FormalList ')' '{' VarDecls Statements RETURN Exp ';' '}'
   18           | PUBLIC Type ID '(' . FormalList ')' '{' Statements RETURN Exp ';' '}'
   19           | PUBLIC Type ID '(' . ')' '{' RETURN Exp ';' '}'
   20           | PUBLIC Type ID '(' . ')' '{' VarDecls RETURN Exp ';' '}'
   21           | PUBLIC Type ID '(' . ')' '{' VarDecls Statements RETURN Exp ';' '}'
   22           | PUBLIC Type ID '(' . ')' '{' Statements RETURN Exp ';' '}'

    ID       сдвиг, и переход в состояние 16
    BOOLEAN  сдвиг, и переход в состояние 17
    INT      сдвиг, и переход в состояние 18
    ')'      сдвиг, и переход в состояние 42

    FormalList  переход в состояние 43
    Type        переход в состояние 44


состояние 41

    5 MainClass: CLASS ID '{' PUBLIC STATIC VOID MAIN '(' STRING . '[' ']' ID ')' '{' Statement '}' '}'

    '['  сдвиг, и переход в состояние 45


состояние 42

   19 MethodDecl: PUBLIC Type ID '(' ')' . '{' RETURN Exp ';' '}'
   20           | PUBLIC Type ID '(' ')' . '{' VarDecls RETURN Exp ';' '}'
   21           | PUBLIC Type ID '(' ')' . '{' VarDecls Statements RETURN Exp ';' '}'
   22           | PUBLIC Type ID '(' ')' . '{' Statements RETURN Exp ';' '}'

    '{'  сдвиг, и переход в состояние 46


состояние 43

   15 MethodDecl: PUBLIC Type ID '(' FormalList . ')' '{' RETURN Exp ';' '}'
   16           | PUBLIC Type ID '(' FormalList . ')' '{' VarDecls RETURN Exp ';' '}'
   17           | PUBLIC Type ID '(' FormalList . ')' '{' VarDecls Statements RETURN Exp ';' '}'
   18           | PUBLIC Type ID '(' FormalList . ')' '{' Statements RETURN Exp ';' '}'

    ')'  сдвиг, и переход в состояние 47


состояние 44

   23 FormalList: Type . ID
   24           | Type . ID FormalRest

    ID  сдвиг, и переход в состояние 48


состояние 45

    5 MainClass: CLASS ID '{' PUBLIC STATIC VOID MAIN '(' STRING '[' . ']' ID ')' '{' Statement '}' '}'

    ']'  сдвиг, и переход в состояние 49


состояние 46

   19 MethodDecl: PUBLIC Type ID '(' ')' '{' . RETURN Exp ';' '}'
   20           | PUBLIC Type ID '(' ')' '{' . VarDecls RETURN Exp ';' '}'
   21           | PUBLIC Type ID '(' ')' '{' . VarDecls Statements RETURN Exp ';' '}'
   22           | PUBLIC Type ID '(' ')' '{' . Statements RETURN Exp ';' '}'

    RETURN              сдвиг, и переход в состояние 50
    IF                  сдвиг, и переход в состояние 51
    WHILE               сдвиг, и переход в состояние 52
    SYSTEM_OUT_PRINTLN  сдвиг, и переход в состояние 53
    ID                  сдвиг, и переход в состояние 54
    BOOLEAN             сдвиг, и переход в состояние 17
    INT                 сдвиг, и переход в состояние 18
    '{'                 сдвиг, и переход в состояние 55

    VarDecls    переход в состояние 56
    VarDecl     переход в состояние 21
    Type        переход в состояние 24
    Statements  переход в состояние 57
    Statement   переход в состояние 58


состояние 47

   15 MethodDecl: PUBLIC Type ID '(' FormalList ')' . '{' RETURN Exp ';' '}'
   16           | PUBLIC Type ID '(' FormalList ')' . '{' VarDecls RETURN Exp ';' '}'
   17           | PUBLIC Type ID '(' FormalList ')' . '{' VarDecls Statements RETURN Exp ';' '}'
   18           | PUBLIC Type ID '(' FormalList ')' . '{' Statements RETURN Exp ';' '}'

    '{'  сдвиг, и переход в состояние 59


состояние 48

   23 FormalList: Type ID .
   24           | Type ID . FormalRest

    ','  сдвиг, и переход в состояние 60

    $default  вывод с использованием правила 23 (FormalList)

    FormalRest  переход в состояние 61


состояние 49

    5 MainClass: CLASS ID '{' PUBLIC STATIC VOID MAIN '(' STRING '[' ']' . ID ')' '{' Statement '}' '}'

    ID  сдвиг, и переход в состояние 62


состояние 50

   19 MethodDecl: PUBLIC Type ID '(' ')' '{' RETURN . Exp ';' '}'

    '-'              сдвиг, и переход в состояние 63
    '!'              сдвиг, и переход в состояние 64
    TRUE             сдвиг, и переход в состояние 65
    FALSE            сдвиг, и переход в состояние 66
    NEW              сдвиг, и переход в состояние 67
    THIS             сдвиг, и переход в состояние 68
    ID               сдвиг, и переход в состояние 69
    INTEGER_LITERAL  сдвиг, и переход в состояние 70
    '('              сдвиг, и переход в состояние 71

    Exp  переход в состояние 72


состояние 51

   38 Statement: IF . '(' Exp ')' Statement ELSE Statement

    '('  сдвиг, и переход в состояние 73


состояние 52

   39 Statement: WHILE . '(' Exp ')' Statement

    '('  сдвиг, и переход в состояние 74


состояние 53

   35 Statement: SYSTEM_OUT_PRINTLN . '(' Exp ')' ';'

    '('  сдвиг, и переход в состояние 75


состояние 54

   30 Type: ID .
   33 Statement: ID . '=' Exp
   34          | ID . '[' Exp ']' '=' Exp ';'

    '='  сдвиг, и переход в состояние 76
    '['  сдвиг, и переход в состояние 77

    $default  вывод с использованием правила 30 (Type)


состояние 55

   36 Statement: '{' . '}'
   37          | '{' . Statements '}'

    IF                  сдвиг, и переход в состояние 51
    WHILE               сдвиг, и переход в состояние 52
    SYSTEM_OUT_PRINTLN  сдвиг, и переход в состояние 53
    ID                  сдвиг, и переход в состояние 78
    '{'                 сдвиг, и переход в состояние 55
    '}'                 сдвиг, и переход в состояние 79

    Statements  переход в состояние 80
    Statement   переход в состояние 58


состояние 56

   11 VarDecls: VarDecls . VarDecl
   20 MethodDecl: PUBLIC Type ID '(' ')' '{' VarDecls . RETURN Exp ';' '}'
   21           | PUBLIC Type ID '(' ')' '{' VarDecls . Statements RETURN Exp ';' '}'

    RETURN              сдвиг, и переход в состояние 81
    IF                  сдвиг, и переход в состояние 51
    WHILE               сдвиг, и переход в состояние 52
    SYSTEM_OUT_PRINTLN  сдвиг, и переход в состояние 53
    ID                  сдвиг, и переход в состояние 54
    BOOLEAN             сдвиг, и переход в состояние 17
    INT                 сдвиг, и переход в состояние 18
    '{'                 сдвиг, и переход в состояние 55

    VarDecl     переход в состояние 29
    Type        переход в состояние 24
    Statements  переход в состояние 82
    Statement   переход в состояние 58


состояние 57

   22 MethodDecl: PUBLIC Type ID '(' ')' '{' Statements . RETURN Exp ';' '}'
   32 Statements: Statements . Statement

    RETURN              сдвиг, и переход в состояние 83
    IF                  сдвиг, и переход в состояние 51
    WHILE               сдвиг, и переход в состояние 52
    SYSTEM_OUT_PRINTLN  сдвиг, и переход в состояние 53
    ID                  сдвиг, и переход в состояние 78
    '{'                 сдвиг, и переход в состояние 55

    Statement  переход в состояние 84


состояние 58

   31 Statements: Statement .

    $default  вывод с использованием правила 31 (Statements)


состояние 59

   15 MethodDecl: PUBLIC Type ID '(' FormalList ')' '{' . RETURN Exp ';' '}'
   16           | PUBLIC Type ID '(' FormalList ')' '{' . VarDecls RETURN Exp ';' '}'
   17           | PUBLIC Type ID '(' FormalList ')' '{' . VarDecls Statements RETURN Exp ';' '}'
   18           | PUBLIC Type ID '(' FormalList ')' '{' . Statements RETURN Exp ';' '}'

    RETURN              сдвиг, и переход в состояние 85
    IF                  сдвиг, и переход в состояние 51
    WHILE               сдвиг, и переход в состояние 52
    SYSTEM_OUT_PRINTLN  сдвиг, и переход в состояние 53
    ID                  сдвиг, и переход в состояние 54
    BOOLEAN             сдвиг, и переход в состояние 17
    INT                 сдвиг, и переход в состояние 18
    '{'                 сдвиг, и переход в состояние 55

    VarDecls    переход в состояние 86
    VarDecl     переход в состояние 21
    Type        переход в состояние 24
    Statements  переход в состояние 87
    Statement   переход в состояние 58


состояние 60

   25 FormalRest: ',' . Type ID

    ID       сдвиг, и переход в состояние 16
    BOOLEAN  сдвиг, и переход в состояние 17
    INT      сдвиг, и переход в состояние 18

    Type  переход в состояние 88


состояние 61

   24 FormalList: Type ID FormalRest .
   26 FormalRest: FormalRest . ',' Type ID

    ','  сдвиг, и переход в состояние 89

    $default  вывод с использованием правила 24 (FormalList)


состояние 62

    5 MainClass: CLASS ID '{' PUBLIC STATIC VOID MAIN '(' STRING '[' ']' ID . ')' '{' Statement '}' '}'

    ')'  сдвиг, и переход в состояние 90


состояние 63

   44 Exp: '-' . Exp

    '-'              сдвиг, и переход в состояние 63
    '!'              сдвиг, и переход в состояние 64
    TRUE             сдвиг, и переход в состояние 65
    FALSE            сдвиг, и переход в состояние 66
    NEW              сдвиг, и переход в состояние 67
    THIS             сдвиг, и переход в состояние 68
    ID               сдвиг, и переход в состояние 69
    INTEGER_LITERAL  сдвиг, и переход в состояние 70
    '('              сдвиг, и переход в состояние 71

    Exp  переход в состояние 91


состояние 64

   56 Exp: '!' . Exp

    '-'              сдвиг, и переход в состояние 63
    '!'              сдвиг, и переход в состояние 64
    TRUE             сдвиг, и переход в состояние 65
    FALSE            сдвиг, и переход в состояние 66
    NEW              сдвиг, и переход в состояние 67
    THIS             сдвиг, и переход в состояние 68
    ID               сдвиг, и переход в состояние 69
    INTEGER_LITERAL  сдвиг, и переход в состояние 70
    '('              сдвиг, и переход в состояние 71

    Exp  переход в состояние 92


состояние 65

   50 Exp: TRUE .

    $default  вывод с использованием правила 50 (Exp)


состояние 66

   51 Exp: FALSE .

    $default  вывод с использованием правила 51 (Exp)


состояние 67

   54 Exp: NEW . INT '[' Exp ']'
   55    | NEW . ID '(' ')'

    ID   сдвиг, и переход в состояние 93
    INT  сдвиг, и переход в состояние 94


состояние 68

   53 Exp: THIS .

    $default  вывод с использованием правила 53 (Exp)


состояние 69

   52 Exp: ID .

    $default  вывод с использованием правила 52 (Exp)


состояние 70

   49 Exp: INTEGER_LITERAL .

    $default  вывод с использованием правила 49 (Exp)


состояние 71

   57 Exp: '(' . Exp ')'

    '-'              сдвиг, и переход в состояние 63
    '!'              сдвиг, и переход в состояние 64
    TRUE             сдвиг, и переход в состояние 65
    FALSE            сдвиг, и переход в состояние 66
    NEW              сдвиг, и переход в состояние 67
    THIS             сдвиг, и переход в состояние 68
    ID               сдвиг, и переход в состояние 69
    INTEGER_LITERAL  сдвиг, и переход в состояние 70
    '('              сдвиг, и переход в состояние 71

    Exp  переход в состояние 95


состояние 72

   19 MethodDecl: PUBLIC Type ID '(' ')' '{' RETURN Exp . ';' '}'
   40 Exp: Exp . '*' Exp
   41    | Exp . '+' Exp
   42    | Exp . '/' Exp
   43    | Exp . '-' Exp
   45    | Exp . '[' Exp ']'
   46    | Exp . '.' LENGTH
   47    | Exp . '.' ID '(' ExpList ')'
   48    | Exp . '.' ID '(' ')'

    '+'  сдвиг, и переход в состояние 96
    '-'  сдвиг, и переход в состояние 97
    '*'  сдвиг, и переход в состояние 98
    '/'  сдвиг, и переход в состояние 99
    '.'  сдвиг, и переход в состояние 100
    '['  сдвиг, и переход в состояние 101
    ';'  сдвиг, и переход в состояние 102


состояние 73

   38 Statement: IF '(' . Exp ')' Statement ELSE Statement

    '-'              сдвиг, и переход в состояние 63
    '!'              сдвиг, и переход в состояние 64
    TRUE             сдвиг, и переход в состояние 65
    FALSE            сдвиг, и переход в состояние 66
    NEW              сдвиг, и переход в состояние 67
    THIS             сдвиг, и переход в состояние 68
    ID               сдвиг, и переход в состояние 69
    INTEGER_LITERAL  сдвиг, и переход в состояние 70
    '('              сдвиг, и переход в состояние 71

    Exp  переход в состояние 103


состояние 74

   39 Statement: WHILE '(' . Exp ')' Statement

    '-'              сдвиг, и переход в состояние 63
    '!'              сдвиг, и переход в состояние 64
    TRUE             сдвиг, и переход в состояние 65
    FALSE            сдвиг, и переход в состояние 66
    NEW              сдвиг, и переход в состояние 67
    THIS             сдвиг, и переход в состояние 68
    ID               сдвиг, и переход в состояние 69
    INTEGER_LITERAL  сдвиг, и переход в состояние 70
    '('              сдвиг, и переход в состояние 71

    Exp  переход в состояние 104


состояние 75

   35 Statement: SYSTEM_OUT_PRINTLN '(' . Exp ')' ';'

    '-'              сдвиг, и переход в состояние 63
    '!'              сдвиг, и переход в состояние 64
    TRUE             сдвиг, и переход в состояние 65
    FALSE            сдвиг, и переход в состояние 66
    NEW              сдвиг, и переход в состояние 67
    THIS             сдвиг, и переход в состояние 68
    ID               сдвиг, и переход в состояние 69
    INTEGER_LITERAL  сдвиг, и переход в состояние 70
    '('              сдвиг, и переход в состояние 71

    Exp  переход в состояние 105


состояние 76

   33 Statement: ID '=' . Exp

    '-'              сдвиг, и переход в состояние 63
    '!'              сдвиг, и переход в состояние 64
    TRUE             сдвиг, и переход в состояние 65
    FALSE            сдвиг, и переход в состояние 66
    NEW              сдвиг, и переход в состояние 67
    THIS             сдвиг, и переход в состояние 68
    ID               сдвиг, и переход в состояние 69
    INTEGER_LITERAL  сдвиг, и переход в состояние 70
    '('              сдвиг, и переход в состояние 71

    Exp  переход в состояние 106


состояние 77

   34 Statement: ID '[' . Exp ']' '=' Exp ';'

    '-'              сдвиг, и переход в состояние 63
    '!'              сдвиг, и переход в состояние 64
    TRUE             сдвиг, и переход в состояние 65
    FALSE            сдвиг, и переход в состояние 66
    NEW              сдвиг, и переход в состояние 67
    THIS             сдвиг, и переход в состояние 68
    ID               сдвиг, и переход в состояние 69
    INTEGER_LITERAL  сдвиг, и переход в состояние 70
    '('              сдвиг, и переход в состояние 71

    Exp  переход в состояние 107


состояние 78

   33 Statement: ID . '=' Exp
   34          | ID . '[' Exp ']' '=' Exp ';'

    '='  сдвиг, и переход в состояние 76
    '['  сдвиг, и переход в состояние 77


состояние 79

   36 Statement: '{' '}' .

    $default  вывод с использованием правила 36 (Statement)


состояние 80

   32 Statements: Statements . Statement
   37 Statement: '{' Statements . '}'

    IF                  сдвиг, и переход в состояние 51
    WHILE               сдвиг, и переход в состояние 52
    SYSTEM_OUT_PRINTLN  сдвиг, и переход в состояние 53
    ID                  сдвиг, и переход в состояние 78
    '{'                 сдвиг, и переход в состояние 55
    '}'                 сдвиг, и переход в состояние 108

    Statement  переход в состояние 84


состояние 81

   20 MethodDecl: PUBLIC Type ID '(' ')' '{' VarDecls RETURN . Exp ';' '}'

    '-'              сдвиг, и переход в состояние 63
    '!'              сдвиг, и переход в состояние 64
    TRUE             сдвиг, и переход в состояние 65
    FALSE            сдвиг, и переход в состояние 66
    NEW              сдвиг, и переход в состояние 67
    THIS             сдвиг, и переход в состояние 68
    ID               сдвиг, и переход в состояние 69
    INTEGER_LITERAL  сдвиг, и переход в состояние 70
    '('              сдвиг, и переход в состояние 71

    Exp  переход в состояние 109


состояние 82

   21 MethodDecl: PUBLIC Type ID '(' ')' '{' VarDecls Statements . RETURN Exp ';' '}'
   32 Statements: Statements . Statement

    RETURN              сдвиг, и переход в состояние 110
    IF                  сдвиг, и переход в состояние 51
    WHILE               сдвиг, и переход в состояние 52
    SYSTEM_OUT_PRINTLN  сдвиг, и переход в состояние 53
    ID                  сдвиг, и переход в состояние 78
    '{'                 сдвиг, и переход в состояние 55

    Statement  переход в состояние 84


состояние 83

   22 MethodDecl: PUBLIC Type ID '(' ')' '{' Statements RETURN . Exp ';' '}'

    '-'              сдвиг, и переход в состояние 63
    '!'              сдвиг, и переход в состояние 64
    TRUE             сдвиг, и переход в состояние 65
    FALSE            сдвиг, и переход в состояние 66
    NEW              сдвиг, и переход в состояние 67
    THIS             сдвиг, и переход в состояние 68
    ID               сдвиг, и переход в состояние 69
    INTEGER_LITERAL  сдвиг, и переход в состояние 70
    '('              сдвиг, и переход в состояние 71

    Exp  переход в состояние 111


состояние 84

   32 Statements: Statements Statement .

    $default  вывод с использованием правила 32 (Statements)


состояние 85

   15 MethodDecl: PUBLIC Type ID '(' FormalList ')' '{' RETURN . Exp ';' '}'

    '-'              сдвиг, и переход в состояние 63
    '!'              сдвиг, и переход в состояние 64
    TRUE             сдвиг, и переход в состояние 65
    FALSE            сдвиг, и переход в состояние 66
    NEW              сдвиг, и переход в состояние 67
    THIS             сдвиг, и переход в состояние 68
    ID               сдвиг, и переход в состояние 69
    INTEGER_LITERAL  сдвиг, и переход в состояние 70
    '('              сдвиг, и переход в состояние 71

    Exp  переход в состояние 112


состояние 86

   11 VarDecls: VarDecls . VarDecl
   16 MethodDecl: PUBLIC Type ID '(' FormalList ')' '{' VarDecls . RETURN Exp ';' '}'
   17           | PUBLIC Type ID '(' FormalList ')' '{' VarDecls . Statements RETURN Exp ';' '}'

    RETURN              сдвиг, и переход в состояние 113
    IF                  сдвиг, и переход в состояние 51
    WHILE               сдвиг, и переход в состояние 52
    SYSTEM_OUT_PRINTLN  сдвиг, и переход в состояние 53
    ID                  сдвиг, и переход в состояние 54
    BOOLEAN             сдвиг, и переход в состояние 17
    INT                 сдвиг, и переход в состояние 18
    '{'                 сдвиг, и переход в состояние 55

    VarDecl     переход в состояние 29
    Type        переход в состояние 24
    Statements  переход в состояние 114
    Statement   переход в состояние 58


состояние 87

   18 MethodDecl: PUBLIC Type ID '(' FormalList ')' '{' Statements . RETURN Exp ';' '}'
   32 Statements: Statements . Statement

    RETURN              сдвиг, и переход в состояние 115
    IF                  сдвиг, и переход в состояние 51
    WHILE               сдвиг, и переход в состояние 52
    SYSTEM_OUT_PRINTLN  сдвиг, и переход в состояние 53
    ID                  сдвиг, и переход в состояние 78
    '{'                 сдвиг, и переход в состояние 55

    Statement  переход в состояние 84


состояние 88

   25 FormalRest: ',' Type . ID

    ID  сдвиг, и переход в состояние 116


состояние 89

   26 FormalRest: FormalRest ',' . Type ID

    ID       сдвиг, и переход в состояние 16
    BOOLEAN  сдвиг, и переход в состояние 17
    INT      сдвиг, и переход в состояние 18

    Type  переход в состояние 117


состояние 90

    5 MainClass: CLASS ID '{' PUBLIC STATIC VOID MAIN '(' STRING '[' ']' ID ')' . '{' Statement '}' '}'

    '{'  сдвиг, и переход в состояние 118


состояние 91

   40 Exp: Exp . '*' Exp
   41    | Exp . '+' Exp
   42    | Exp . '/' Exp
   43    | Exp . '-' Exp
   44    | '-' Exp .
   45    | Exp . '[' Exp ']'
   46    | Exp . '.' LENGTH
   47    | Exp . '.' ID '(' ExpList ')'
   48    | Exp . '.' ID '(' ')'

    '.'  сдвиг, и переход в состояние 100
    '['  сдвиг, и переход в состояние 101

    $default  вывод с использованием правила 44 (Exp)


состояние 92

   40 Exp: Exp . '*' Exp
   41    | Exp . '+' Exp
   42    | Exp . '/' Exp
   43    | Exp . '-' Exp
   45    | Exp . '[' Exp ']'
   46    | Exp . '.' LENGTH
   47    | Exp . '.' ID '(' ExpList ')'
   48    | Exp . '.' ID '(' ')'
   56    | '!' Exp .

    '.'  сдвиг, и переход в состояние 100
    '['  сдвиг, и переход в состояние 101

    $default  вывод с использованием правила 56 (Exp)


состояние 93

   55 Exp: NEW ID . '(' ')'

    '('  сдвиг, и переход в состояние 119


состояние 94

   54 Exp: NEW INT . '[' Exp ']'

    '['  сдвиг, и переход в состояние 120


состояние 95

   40 Exp: Exp . '*' Exp
   41    | Exp . '+' Exp
   42    | Exp . '/' Exp
   43    | Exp . '-' Exp
   45    | Exp . '[' Exp ']'
   46    | Exp . '.' LENGTH
   47    | Exp . '.' ID '(' ExpList ')'
   48    | Exp . '.' ID '(' ')'
   57    | '(' Exp . ')'

    '+'  сдвиг, и переход в состояние 96
    '-'  сдвиг, и переход в состояние 97
    '*'  сдвиг, и переход в состояние 98
    '/'  сдвиг, и переход в состояние 99
    '.'  сдвиг, и переход в состояние 100
    '['  сдвиг, и переход в состояние 101
    ')'  сдвиг, и переход в состояние 121


состояние 96

   41 Exp: Exp '+' . Exp

    '-'              сдвиг, и переход в состояние 63
    '!'              сдвиг, и переход в состояние 64
    TRUE             сдвиг, и переход в состояние 65
    FALSE            сдвиг, и переход в состояние 66
    NEW              сдвиг, и переход в состояние 67
    THIS             сдвиг, и переход в состояние 68
    ID               сдвиг, и переход в состояние 69
    INTEGER_LITERAL  сдвиг, и переход в состояние 70
    '('              сдвиг, и переход в состояние 71

    Exp  переход в состояние 122


состояние 97

   43 Exp: Exp '-' . Exp

    '-'              сдвиг, и переход в состояние 63
    '!'              сдвиг, и переход в состояние 64
    TRUE             сдвиг, и переход в состояние 65
    FALSE            сдвиг, и переход в состояние 66
    NEW              сдвиг, и переход в состояние 67
    THIS             сдвиг, и переход в состояние 68
    ID               сдвиг, и переход в состояние 69
    INTEGER_LITERAL  сдвиг, и переход в состояние 70
    '('              сдвиг, и переход в состояние 71

    Exp  переход в состояние 123


состояние 98

   40 Exp: Exp '*' . Exp

    '-'              сдвиг, и переход в состояние 63
    '!'              сдвиг, и переход в состояние 64
    TRUE             сдвиг, и переход в состояние 65
    FALSE            сдвиг, и переход в состояние 66
    NEW              сдвиг, и переход в состояние 67
    THIS             сдвиг, и переход в состояние 68
    ID               сдвиг, и переход в состояние 69
    INTEGER_LITERAL  сдвиг, и переход в состояние 70
    '('              сдвиг, и переход в состояние 71

    Exp  переход в состояние 124


состояние 99

   42 Exp: Exp '/' . Exp

    '-'              сдвиг, и переход в состояние 63
    '!'              сдвиг, и переход в состояние 64
    TRUE             сдвиг, и переход в состояние 65
    FALSE            сдвиг, и переход в состояние 66
    NEW              сдвиг, и переход в состояние 67
    THIS             сдвиг, и переход в состояние 68
    ID               сдвиг, и переход в состояние 69
    INTEGER_LITERAL  сдвиг, и переход в состояние 70
    '('              сдвиг, и переход в состояние 71

    Exp  переход в состояние 125


состояние 100

   46 Exp: Exp '.' . LENGTH
   47    | Exp '.' . ID '(' ExpList ')'
   48    | Exp '.' . ID '(' ')'

    LENGTH  сдвиг, и переход в состояние 126
    ID      сдвиг, и переход в состояние 127


состояние 101

   45 Exp: Exp '[' . Exp ']'

    '-'              сдвиг, и переход в состояние 63
    '!'              сдвиг, и переход в состояние 64
    TRUE             сдвиг, и переход в состояние 65
    FALSE            сдвиг, и переход в состояние 66
    NEW              сдвиг, и переход в состояние 67
    THIS             сдвиг, и переход в состояние 68
    ID               сдвиг, и переход в состояние 69
    INTEGER_LITERAL  сдвиг, и переход в состояние 70
    '('              сдвиг, и переход в состояние 71

    Exp  переход в состояние 128


состояние 102

   19 MethodDecl: PUBLIC Type ID '(' ')' '{' RETURN Exp ';' . '}'

    '}'  сдвиг, и переход в состояние 129


состояние 103

   38 Statement: IF '(' Exp . ')' Statement ELSE Statement
   40 Exp: Exp . '*' Exp
   41    | Exp . '+' Exp
   42    | Exp . '/' Exp
   43    | Exp . '-' Exp
   45    | Exp . '[' Exp ']'
   46    | Exp . '.' LENGTH
   47    | Exp . '.' ID '(' ExpList ')'
   48    | Exp . '.' ID '(' ')'

    '+'  сдвиг, и переход в состояние 96
    '-'  сдвиг, и переход в состояние 97
    '*'  сдвиг, и переход в состояние 98
    '/'  сдвиг, и переход в состояние 99
    '.'  сдвиг, и переход в состояние 100
    '['  сдвиг, и переход в состояние 101
    ')'  сдвиг, и переход в состояние 130


состояние 104

   39 Statement: WHILE '(' Exp . ')' Statement
   40 Exp: Exp . '*' Exp
   41    | Exp . '+' Exp
   42    | Exp . '/' Exp
   43    | Exp . '-' Exp
   45    | Exp . '[' Exp ']'
   46    | Exp . '.' LENGTH
   47    | Exp . '.' ID '(' ExpList ')'
   48    | Exp . '.' ID '(' ')'

    '+'  сдвиг, и переход в состояние 96
    '-'  сдвиг, и переход в состояние 97
    '*'  сдвиг, и переход в состояние 98
    '/'  сдвиг, и переход в состояние 99
    '.'  сдвиг, и переход в состояние 100
    '['  сдвиг, и переход в состояние 101
    ')'  сдвиг, и переход в состояние 131


состояние 105

   35 Statement: SYSTEM_OUT_PRINTLN '(' Exp . ')' ';'
   40 Exp: Exp . '*' Exp
   41    | Exp . '+' Exp
   42    | Exp . '/' Exp
   43    | Exp . '-' Exp
   45    | Exp . '[' Exp ']'
   46    | Exp . '.' LENGTH
   47    | Exp . '.' ID '(' ExpList ')'
   48    | Exp . '.' ID '(' ')'

    '+'  сдвиг, и переход в состояние 96
    '-'  сдвиг, и переход в состояние 97
    '*'  сдвиг, и переход в состояние 98
    '/'  сдвиг, и переход в состояние 99
    '.'  сдвиг, и переход в состояние 100
    '['  сдвиг, и переход в состояние 101
    ')'  сдвиг, и переход в состояние 132


состояние 106

   33 Statement: ID '=' Exp .
   40 Exp: Exp . '*' Exp
   41    | Exp . '+' Exp
   42    | Exp . '/' Exp
   43    | Exp . '-' Exp
   45    | Exp . '[' Exp ']'
   46    | Exp . '.' LENGTH
   47    | Exp . '.' ID '(' ExpList ')'
   48    | Exp . '.' ID '(' ')'

    '+'  сдвиг, и переход в состояние 96
    '-'  сдвиг, и переход в состояние 97
    '*'  сдвиг, и переход в состояние 98
    '/'  сдвиг, и переход в состояние 99
    '.'  сдвиг, и переход в состояние 100
    '['  сдвиг, и переход в состояние 101

    $default  вывод с использованием правила 33 (Statement)


состояние 107

   34 Statement: ID '[' Exp . ']' '=' Exp ';'
   40 Exp: Exp . '*' Exp
   41    | Exp . '+' Exp
   42    | Exp . '/' Exp
   43    | Exp . '-' Exp
   45    | Exp . '[' Exp ']'
   46    | Exp . '.' LENGTH
   47    | Exp . '.' ID '(' ExpList ')'
   48    | Exp . '.' ID '(' ')'

    '+'  сдвиг, и переход в состояние 96
    '-'  сдвиг, и переход в состояние 97
    '*'  сдвиг, и переход в состояние 98
    '/'  сдвиг, и переход в состояние 99
    '.'  сдвиг, и переход в состояние 100
    '['  сдвиг, и переход в состояние 101
    ']'  сдвиг, и переход в состояние 133


состояние 108

   37 Statement: '{' Statements '}' .

    $default  вывод с использованием правила 37 (Statement)


состояние 109

   20 MethodDecl: PUBLIC Type ID '(' ')' '{' VarDecls RETURN Exp . ';' '}'
   40 Exp: Exp . '*' Exp
   41    | Exp . '+' Exp
   42    | Exp . '/' Exp
   43    | Exp . '-' Exp
   45    | Exp . '[' Exp ']'
   46    | Exp . '.' LENGTH
   47    | Exp . '.' ID '(' ExpList ')'
   48    | Exp . '.' ID '(' ')'

    '+'  сдвиг, и переход в состояние 96
    '-'  сдвиг, и переход в состояние 97
    '*'  сдвиг, и переход в состояние 98
    '/'  сдвиг, и переход в состояние 99
    '.'  сдвиг, и переход в состояние 100
    '['  сдвиг, и переход в состояние 101
    ';'  сдвиг, и переход в состояние 134


состояние 110

   21 MethodDecl: PUBLIC Type ID '(' ')' '{' VarDecls Statements RETURN . Exp ';' '}'

    '-'              сдвиг, и переход в состояние 63
    '!'              сдвиг, и переход в состояние 64
    TRUE             сдвиг, и переход в состояние 65
    FALSE            сдвиг, и переход в состояние 66
    NEW              сдвиг, и переход в состояние 67
    THIS             сдвиг, и переход в состояние 68
    ID               сдвиг, и переход в состояние 69
    INTEGER_LITERAL  сдвиг, и переход в состояние 70
    '('              сдвиг, и переход в состояние 71

    Exp  переход в состояние 135


состояние 111

   22 MethodDecl: PUBLIC Type ID '(' ')' '{' Statements RETURN Exp . ';' '}'
   40 Exp: Exp . '*' Exp
   41    | Exp . '+' Exp
   42    | Exp . '/' Exp
   43    | Exp . '-' Exp
   45    | Exp . '[' Exp ']'
   46    | Exp . '.' LENGTH
   47    | Exp . '.' ID '(' ExpList ')'
   48    | Exp . '.' ID '(' ')'

    '+'  сдвиг, и переход в состояние 96
    '-'  сдвиг, и переход в состояние 97
    '*'  сдвиг, и переход в состояние 98
    '/'  сдвиг, и переход в состояние 99
    '.'  сдвиг, и переход в состояние 100
    '['  сдвиг, и переход в состояние 101
    ';'  сдвиг, и переход в состояние 136


состояние 112

   15 MethodDecl: PUBLIC Type ID '(' FormalList ')' '{' RETURN Exp . ';' '}'
   40 Exp: Exp . '*' Exp
   41    | Exp . '+' Exp
   42    | Exp . '/' Exp
   43    | Exp . '-' Exp
   45    | Exp . '[' Exp ']'
   46    | Exp . '.' LENGTH
   47    | Exp . '.' ID '(' ExpList ')'
   48    | Exp . '.' ID '(' ')'

    '+'  сдвиг, и переход в состояние 96
    '-'  сдвиг, и переход в состояние 97
    '*'  сдвиг, и переход в состояние 98
    '/'  сдвиг, и переход в состояние 99
    '.'  сдвиг, и переход в состояние 100
    '['  сдвиг, и переход в состояние 101
    ';'  сдвиг, и переход в состояние 137


состояние 113

   16 MethodDecl: PUBLIC Type ID '(' FormalList ')' '{' VarDecls RETURN . Exp ';' '}'

    '-'              сдвиг, и переход в состояние 63
    '!'              сдвиг, и переход в состояние 64
    TRUE             сдвиг, и переход в состояние 65
    FALSE            сдвиг, и переход в состояние 66
    NEW              сдвиг, и переход в состояние 67
    THIS             сдвиг, и переход в состояние 68
    ID               сдвиг, и переход в состояние 69
    INTEGER_LITERAL  сдвиг, и переход в состояние 70
    '('              сдвиг, и переход в состояние 71

    Exp  переход в состояние 138


состояние 114

   17 MethodDecl: PUBLIC Type ID '(' FormalList ')' '{' VarDecls Statements . RETURN Exp ';' '}'
   32 Statements: Statements . Statement

    RETURN              сдвиг, и переход в состояние 139
    IF                  сдвиг, и переход в состояние 51
    WHILE               сдвиг, и переход в состояние 52
    SYSTEM_OUT_PRINTLN  сдвиг, и переход в состояние 53
    ID                  сдвиг, и переход в состояние 78
    '{'                 сдвиг, и переход в состояние 55

    Statement  переход в состояние 84


состояние 115

   18 MethodDecl: PUBLIC Type ID '(' FormalList ')' '{' Statements RETURN . Exp ';' '}'

    '-'              сдвиг, и переход в состояние 63
    '!'              сдвиг, и переход в состояние 64
    TRUE             сдвиг, и переход в состояние 65
    FALSE            сдвиг, и переход в состояние 66
    NEW              сдвиг, и переход в состояние 67
    THIS             сдвиг, и переход в состояние 68
    ID               сдвиг, и переход в состояние 69
    INTEGER_LITERAL  сдвиг, и переход в состояние 70
    '('              сдвиг, и переход в состояние 71

    Exp  переход в состояние 140


состояние 116

   25 FormalRest: ',' Type ID .

    $default  вывод с использованием правила 25 (FormalRest)


состояние 117

   26 FormalRest: FormalRest ',' Type . ID

    ID  сдвиг, и переход в состояние 141


состояние 118

    5 MainClass: CLASS ID '{' PUBLIC STATIC VOID MAIN '(' STRING '[' ']' ID ')' '{' . Statement '}' '}'

    IF                  сдвиг, и переход в состояние 51
    WHILE               сдвиг, и переход в состояние 52
    SYSTEM_OUT_PRINTLN  сдвиг, и переход в состояние 53
    ID                  сдвиг, и переход в состояние 78
    '{'                 сдвиг, и переход в состояние 55

    Statement  переход в состояние 142


состояние 119

   55 Exp: NEW ID '(' . ')'

    ')'  сдвиг, и переход в состояние 143


состояние 120

   54 Exp: NEW INT '[' . Exp ']'

    '-'              сдвиг, и переход в состояние 63
    '!'              сдвиг, и переход в состояние 64
    TRUE             сдвиг, и переход в состояние 65
    FALSE            сдвиг, и переход в состояние 66
    NEW              сдвиг, и переход в состояние 67
    THIS             сдвиг, и переход в состояние 68
    ID               сдвиг, и переход в состояние 69
    INTEGER_LITERAL  сдвиг, и переход в состояние 70
    '('              сдвиг, и переход в состояние 71

    Exp  переход в состояние 144


состояние 121

   57 Exp: '(' Exp ')' .

    $default  вывод с использованием правила 57 (Exp)


состояние 122

   40 Exp: Exp . '*' Exp
   41    | Exp . '+' Exp
   41    | Exp '+' Exp .
   42    | Exp . '/' Exp
   43    | Exp . '-' Exp
   45    | Exp . '[' Exp ']'
   46    | Exp . '.' LENGTH
   47    | Exp . '.' ID '(' ExpList ')'
   48    | Exp . '.' ID '(' ')'

    '*'  сдвиг, и переход в состояние 98
    '/'  сдвиг, и переход в состояние 99
    '.'  сдвиг, и переход в состояние 100
    '['  сдвиг, и переход в состояние 101

    $default  вывод с использованием правила 41 (Exp)


состояние 123

   40 Exp: Exp . '*' Exp
   41    | Exp . '+' Exp
   42    | Exp . '/' Exp
   43    | Exp . '-' Exp
   43    | Exp '-' Exp .
   45    | Exp . '[' Exp ']'
   46    | Exp . '.' LENGTH
   47    | Exp . '.' ID '(' ExpList ')'
   48    | Exp . '.' ID '(' ')'

    '*'  сдвиг, и переход в состояние 98
    '/'  сдвиг, и переход в состояние 99
    '.'  сдвиг, и переход в состояние 100
    '['  сдвиг, и переход в состояние 101

    $default  вывод с использованием правила 43 (Exp)


состояние 124

   40 Exp: Exp . '*' Exp
   40    | Exp '*' Exp .
   41    | Exp . '+' Exp
   42    | Exp . '/' Exp
   43    | Exp . '-' Exp
   45    | Exp . '[' Exp ']'
   46    | Exp . '.' LENGTH
   47    | Exp . '.' ID '(' ExpList ')'
   48    | Exp . '.' ID '(' ')'

    '.'  сдвиг, и переход в состояние 100
    '['  сдвиг, и переход в состояние 101

    $default  вывод с использованием правила 40 (Exp)


состояние 125

   40 Exp: Exp . '*' Exp
   41    | Exp . '+' Exp
   42    | Exp . '/' Exp
   42    | Exp '/' Exp .
   43    | Exp . '-' Exp
   45    | Exp . '[' Exp ']'
   46    | Exp . '.' LENGTH
   47    | Exp . '.' ID '(' ExpList ')'
   48    | Exp . '.' ID '(' ')'

    '.'  сдвиг, и переход в состояние 100
    '['  сдвиг, и переход в состояние 101

    $default  вывод с использованием правила 42 (Exp)


состояние 126

   46 Exp: Exp '.' LENGTH .

    $default  вывод с использованием правила 46 (Exp)


состояние 127

   47 Exp: Exp '.' ID . '(' ExpList ')'
   48    | Exp '.' ID . '(' ')'

    '('  сдвиг, и переход в состояние 145


состояние 128

   40 Exp: Exp . '*' Exp
   41    | Exp . '+' Exp
   42    | Exp . '/' Exp
   43    | Exp . '-' Exp
   45    | Exp . '[' Exp ']'
   45    | Exp '[' Exp . ']'
   46    | Exp . '.' LENGTH
   47    | Exp . '.' ID '(' ExpList ')'
   48    | Exp . '.' ID '(' ')'

    '+'  сдвиг, и переход в состояние 96
    '-'  сдвиг, и переход в состояние 97
    '*'  сдвиг, и переход в состояние 98
    '/'  сдвиг, и переход в состояние 99
    '.'  сдвиг, и переход в состояние 100
    '['  сдвиг, и переход в состояние 101
    ']'  сдвиг, и переход в состояние 146


состояние 129

   19 MethodDecl: PUBLIC Type ID '(' ')' '{' RETURN Exp ';' '}' .

    $default  вывод с использованием правила 19 (MethodDecl)


состояние 130

   38 Statement: IF '(' Exp ')' . Statement ELSE Statement

    IF                  сдвиг, и переход в состояние 51
    WHILE               сдвиг, и переход в состояние 52
    SYSTEM_OUT_PRINTLN  сдвиг, и переход в состояние 53
    ID                  сдвиг, и переход в состояние 78
    '{'                 сдвиг, и переход в состояние 55

    Statement  переход в состояние 147


состояние 131

   39 Statement: WHILE '(' Exp ')' . Statement

    IF                  сдвиг, и переход в состояние 51
    WHILE               сдвиг, и переход в состояние 52
    SYSTEM_OUT_PRINTLN  сдвиг, и переход в состояние 53
    ID                  сдвиг, и переход в состояние 78
    '{'                 сдвиг, и переход в состояние 55

    Statement  переход в состояние 148


состояние 132

   35 Statement: SYSTEM_OUT_PRINTLN '(' Exp ')' . ';'

    ';'  сдвиг, и переход в состояние 149


состояние 133

   34 Statement: ID '[' Exp ']' . '=' Exp ';'

    '='  сдвиг, и переход в состояние 150


состояние 134

   20 MethodDecl: PUBLIC Type ID '(' ')' '{' VarDecls RETURN Exp ';' . '}'

    '}'  сдвиг, и переход в состояние 151


состояние 135

   21 MethodDecl: PUBLIC Type ID '(' ')' '{' VarDecls Statements RETURN Exp . ';' '}'
   40 Exp: Exp . '*' Exp
   41    | Exp . '+' Exp
   42    | Exp . '/' Exp
   43    | Exp . '-' Exp
   45    | Exp . '[' Exp ']'
   46    | Exp . '.' LENGTH
   47    | Exp . '.' ID '(' ExpList ')'
   48    | Exp . '.' ID '(' ')'

    '+'  сдвиг, и переход в состояние 96
    '-'  сдвиг, и переход в состояние 97
    '*'  сдвиг, и переход в состояние 98
    '/'  сдвиг, и переход в состояние 99
    '.'  сдвиг, и переход в состояние 100
    '['  сдвиг, и переход в состояние 101
    ';'  сдвиг, и переход в состояние 152


состояние 136

   22 MethodDecl: PUBLIC Type ID '(' ')' '{' Statements RETURN Exp ';' . '}'

    '}'  сдвиг, и переход в состояние 153


состояние 137

   15 MethodDecl: PUBLIC Type ID '(' FormalList ')' '{' RETURN Exp ';' . '}'

    '}'  сдвиг, и переход в состояние 154


состояние 138

   16 MethodDecl: PUBLIC Type ID '(' FormalList ')' '{' VarDecls RETURN Exp . ';' '}'
   40 Exp: Exp . '*' Exp
   41    | Exp . '+' Exp
   42    | Exp . '/' Exp
   43    | Exp . '-' Exp
   45    | Exp . '[' Exp ']'
   46    | Exp . '.' LENGTH
   47    | Exp . '.' ID '(' ExpList ')'
   48    | Exp . '.' ID '(' ')'

    '+'  сдвиг, и переход в состояние 96
    '-'  сдвиг, и переход в состояние 97
    '*'  сдвиг, и переход в состояние 98
    '/'  сдвиг, и переход в состояние 99
    '.'  сдвиг, и переход в состояние 100
    '['  сдвиг, и переход в состояние 101
    ';'  сдвиг, и переход в состояние 155


состояние 139

   17 MethodDecl: PUBLIC Type ID '(' FormalList ')' '{' VarDecls Statements RETURN . Exp ';' '}'

    '-'              сдвиг, и переход в состояние 63
    '!'              сдвиг, и переход в состояние 64
    TRUE             сдвиг, и переход в состояние 65
    FALSE            сдвиг, и переход в состояние 66
    NEW              сдвиг, и переход в состояние 67
    THIS             сдвиг, и переход в состояние 68
    ID               сдвиг, и переход в состояние 69
    INTEGER_LITERAL  сдвиг, и переход в состояние 70
    '('              сдвиг, и переход в состояние 71

    Exp  переход в состояние 156


состояние 140

   18 MethodDecl: PUBLIC Type ID '(' FormalList ')' '{' Statements RETURN Exp . ';' '}'
   40 Exp: Exp . '*' Exp
   41    | Exp . '+' Exp
   42    | Exp . '/' Exp
   43    | Exp . '-' Exp
   45    | Exp . '[' Exp ']'
   46    | Exp . '.' LENGTH
   47    | Exp . '.' ID '(' ExpList ')'
   48    | Exp . '.' ID '(' ')'

    '+'  сдвиг, и переход в состояние 96
    '-'  сдвиг, и переход в состояние 97
    '*'  сдвиг, и переход в состояние 98
    '/'  сдвиг, и переход в состояние 99
    '.'  сдвиг, и переход в состояние 100
    '['  сдвиг, и переход в состояние 101
    ';'  сдвиг, и переход в состояние 157


состояние 141

   26 FormalRest: FormalRest ',' Type ID .

    $default  вывод с использованием правила 26 (FormalRest)


состояние 142

    5 MainClass: CLASS ID '{' PUBLIC STATIC VOID MAIN '(' STRING '[' ']' ID ')' '{' Statement . '}' '}'

    '}'  сдвиг, и переход в состояние 158


состояние 143

   55 Exp: NEW ID '(' ')' .

    $default  вывод с использованием правила 55 (Exp)


состояние 144

   40 Exp: Exp . '*' Exp
   41    | Exp . '+' Exp
   42    | Exp . '/' Exp
   43    | Exp . '-' Exp
   45    | Exp . '[' Exp ']'
   46    | Exp . '.' LENGTH
   47    | Exp . '.' ID '(' ExpList ')'
   48    | Exp . '.' ID '(' ')'
   54    | NEW INT '[' Exp . ']'

    '+'  сдвиг, и переход в состояние 96
    '-'  сдвиг, и переход в состояние 97
    '*'  сдвиг, и переход в состояние 98
    '/'  сдвиг, и переход в состояние 99
    '.'  сдвиг, и переход в состояние 100
    '['  сдвиг, и переход в состояние 101
    ']'  сдвиг, и переход в состояние 159


состояние 145

   47 Exp: Exp '.' ID '(' . ExpList ')'
   48    | Exp '.' ID '(' . ')'

    '-'              сдвиг, и переход в состояние 63
    '!'              сдвиг, и переход в состояние 64
    TRUE             сдвиг, и переход в состояние 65
    FALSE            сдвиг, и переход в состояние 66
    NEW              сдвиг, и переход в состояние 67
    THIS             сдвиг, и переход в состояние 68
    ID               сдвиг, и переход в состояние 69
    INTEGER_LITERAL  сдвиг, и переход в состояние 70
    '('              сдвиг, и переход в состояние 71
    ')'              сдвиг, и переход в состояние 160

    Exp      переход в состояние 161
    ExpList  переход в состояние 162


состояние 146

   45 Exp: Exp '[' Exp ']' .

    $default  вывод с использованием правила 45 (Exp)


состояние 147

   38 Statement: IF '(' Exp ')' Statement . ELSE Statement

    ELSE  сдвиг, и переход в состояние 163


состояние 148

   39 Statement: WHILE '(' Exp ')' Statement .

    $default  вывод с использованием правила 39 (Statement)


состояние 149

   35 Statement: SYSTEM_OUT_PRINTLN '(' Exp ')' ';' .

    $default  вывод с использованием правила 35 (Statement)


состояние 150

   34 Statement: ID '[' Exp ']' '=' . Exp ';'

    '-'              сдвиг, и переход в состояние 63
    '!'              сдвиг, и переход в состояние 64
    TRUE             сдвиг, и переход в состояние 65
    FALSE            сдвиг, и переход в состояние 66
    NEW              сдвиг, и переход в состояние 67
    THIS             сдвиг, и переход в состояние 68
    ID               сдвиг, и переход в состояние 69
    INTEGER_LITERAL  сдвиг, и переход в состояние 70
    '('              сдвиг, и переход в состояние 71

    Exp  переход в состояние 164


состояние 151

   20 MethodDecl: PUBLIC Type ID '(' ')' '{' VarDecls RETURN Exp ';' '}' .

    $default  вывод с использованием правила 20 (MethodDecl)


состояние 152

   21 MethodDecl: PUBLIC Type ID '(' ')' '{' VarDecls Statements RETURN Exp ';' . '}'

    '}'  сдвиг, и переход в состояние 165


состояние 153

   22 MethodDecl: PUBLIC Type ID '(' ')' '{' Statements RETURN Exp ';' '}' .

    $default  вывод с использованием правила 22 (MethodDecl)


состояние 154

   15 MethodDecl: PUBLIC Type ID '(' FormalList ')' '{' RETURN Exp ';' '}' .

    $default  вывод с использованием правила 15 (MethodDecl)


состояние 155

   16 MethodDecl: PUBLIC Type ID '(' FormalList ')' '{' VarDecls RETURN Exp ';' . '}'

    '}'  сдвиг, и переход в состояние 166


состояние 156

   17 MethodDecl: PUBLIC Type ID '(' FormalList ')' '{' VarDecls Statements RETURN Exp . ';' '}'
   40 Exp: Exp . '*' Exp
   41    | Exp . '+' Exp
   42    | Exp . '/' Exp
   43    | Exp . '-' Exp
   45    | Exp . '[' Exp ']'
   46    | Exp . '.' LENGTH
   47    | Exp . '.' ID '(' ExpList ')'
   48    | Exp . '.' ID '(' ')'

    '+'  сдвиг, и переход в состояние 96
    '-'  сдвиг, и переход в состояние 97
    '*'  сдвиг, и переход в состояние 98
    '/'  сдвиг, и переход в состояние 99
    '.'  сдвиг, и переход в состояние 100
    '['  сдвиг, и переход в состояние 101
    ';'  сдвиг, и переход в состояние 167


состояние 157

   18 MethodDecl: PUBLIC Type ID '(' FormalList ')' '{' Statements RETURN Exp ';' . '}'

    '}'  сдвиг, и переход в состояние 168


состояние 158

    5 MainClass: CLASS ID '{' PUBLIC STATIC VOID MAIN '(' STRING '[' ']' ID ')' '{' Statement '}' . '}'

    '}'  сдвиг, и переход в состояние 169


состояние 159

   54 Exp: NEW INT '[' Exp ']' .

    $default  вывод с использованием правила 54 (Exp)


состояние 160

   48 Exp: Exp '.' ID '(' ')' .

    $default  вывод с использованием правила 48 (Exp)


состояние 161

   40 Exp: Exp . '*' Exp
   41    | Exp . '+' Exp
   42    | Exp . '/' Exp
   43    | Exp . '-' Exp
   45    | Exp . '[' Exp ']'
   46    | Exp . '.' LENGTH
   47    | Exp . '.' ID '(' ExpList ')'
   48    | Exp . '.' ID '(' ')'
   58 ExpList: Exp .
   59        | Exp . ExpRest

    '+'  сдвиг, и переход в состояние 96
    '-'  сдвиг, и переход в состояние 97
    '*'  сдвиг, и переход в состояние 98
    '/'  сдвиг, и переход в состояние 99
    '.'  сдвиг, и переход в состояние 100
    '['  сдвиг, и переход в состояние 101
    ','  сдвиг, и переход в состояние 170

    $default  вывод с использованием правила 58 (ExpList)

    ExpRest  переход в состояние 171


состояние 162

   47 Exp: Exp '.' ID '(' ExpList . ')'

    ')'  сдвиг, и переход в состояние 172


состояние 163

   38 Statement: IF '(' Exp ')' Statement ELSE . Statement

    IF                  сдвиг, и переход в состояние 51
    WHILE               сдвиг, и переход в состояние 52
    SYSTEM_OUT_PRINTLN  сдвиг, и переход в состояние 53
    ID                  сдвиг, и переход в состояние 78
    '{'                 сдвиг, и переход в состояние 55

    Statement  переход в состояние 173


состояние 164

   34 Statement: ID '[' Exp ']' '=' Exp . ';'
   40 Exp: Exp . '*' Exp
   41    | Exp . '+' Exp
   42    | Exp . '/' Exp
   43    | Exp . '-' Exp
   45    | Exp . '[' Exp ']'
   46    | Exp . '.' LENGTH
   47    | Exp . '.' ID '(' ExpList ')'
   48    | Exp . '.' ID '(' ')'

    '+'  сдвиг, и переход в состояние 96
    '-'  сдвиг, и переход в состояние 97
    '*'  сдвиг, и переход в состояние 98
    '/'  сдвиг, и переход в состояние 99
    '.'  сдвиг, и переход в состояние 100
    '['  сдвиг, и переход в состояние 101
    ';'  сдвиг, и переход в состояние 174


состояние 165

   21 MethodDecl: PUBLIC Type ID '(' ')' '{' VarDecls Statements RETURN Exp ';' '}' .

    $default  вывод с использованием правила 21 (MethodDecl)


состояние 166

   16 MethodDecl: PUBLIC Type ID '(' FormalList ')' '{' VarDecls RETURN Exp ';' '}' .

    $default  вывод с использованием правила 16 (MethodDecl)


состояние 167

   17 MethodDecl: PUBLIC Type ID '(' FormalList ')' '{' VarDecls Statements RETURN Exp ';' . '}'

    '}'  сдвиг, и переход в состояние 175


состояние 168

   18 MethodDecl: PUBLIC Type ID '(' FormalList ')' '{' Statements RETURN Exp ';' '}' .

    $default  вывод с использованием правила 18 (MethodDecl)


состояние 169

    5 MainClass: CLASS ID '{' PUBLIC STATIC VOID MAIN '(' STRING '[' ']' ID ')' '{' Statement '}' '}' .

    $default  вывод с использованием правила 5 (MainClass)


состояние 170

   60 ExpRest: ',' . Exp

    '-'              сдвиг, и переход в состояние 63
    '!'              сдвиг, и переход в состояние 64
    TRUE             сдвиг, и переход в состояние 65
    FALSE            сдвиг, и переход в состояние 66
    NEW              сдвиг, и переход в состояние 67
    THIS             сдвиг, и переход в состояние 68
    ID               сдвиг, и переход в состояние 69
    INTEGER_LITERAL  сдвиг, и переход в состояние 70
    '('              сдвиг, и переход в состояние 71

    Exp  переход в состояние 176


состояние 171

   59 ExpList: Exp ExpRest .
   61 ExpRest: ExpRest . ',' Exp

    ','  сдвиг, и переход в состояние 177

    $default  вывод с использованием правила 59 (ExpList)


состояние 172

   47 Exp: Exp '.' ID '(' ExpList ')' .

    $default  вывод с использованием правила 47 (Exp)


состояние 173

   38 Statement: IF '(' Exp ')' Statement ELSE Statement .

    $default  вывод с использованием правила 38 (Statement)


состояние 174

   34 Statement: ID '[' Exp ']' '=' Exp ';' .

    $default  вывод с использованием правила 34 (Statement)


состояние 175

   17 MethodDecl: PUBLIC Type ID '(' FormalList ')' '{' VarDecls Statements RETURN Exp ';' '}' .

    $default  вывод с использованием правила 17 (MethodDecl)


состояние 176

   40 Exp: Exp . '*' Exp
   41    | Exp . '+' Exp
   42    | Exp . '/' Exp
   43    | Exp . '-' Exp
   45    | Exp . '[' Exp ']'
   46    | Exp . '.' LENGTH
   47    | Exp . '.' ID '(' ExpList ')'
   48    | Exp . '.' ID '(' ')'
   60 ExpRest: ',' Exp .

    '+'  сдвиг, и переход в состояние 96
    '-'  сдвиг, и переход в состояние 97
    '*'  сдвиг, и переход в состояние 98
    '/'  сдвиг, и переход в состояние 99
    '.'  сдвиг, и переход в состояние 100
    '['  сдвиг, и переход в состояние 101

    $default  вывод с использованием правила 60 (ExpRest)


состояние 177

   61 ExpRest: ExpRest ',' . Exp

    '-'              сдвиг, и переход в состояние 63
    '!'              сдвиг, и переход в состояние 64
    TRUE             сдвиг, и переход в состояние 65
    FALSE            сдвиг, и переход в состояние 66
    NEW              сдвиг, и переход в состояние 67
    THIS             сдвиг, и переход в состояние 68
    ID               сдвиг, и переход в состояние 69
    INTEGER_LITERAL  сдвиг, и переход в состояние 70
    '('              сдвиг, и переход в состояние 71

    Exp  переход в состояние 178


состояние 178

   40 Exp: Exp . '*' Exp
   41    | Exp . '+' Exp
   42    | Exp . '/' Exp
   43    | Exp . '-' Exp
   45    | Exp . '[' Exp ']'
   46    | Exp . '.' LENGTH
   47    | Exp . '.' ID '(' ExpList ')'
   48    | Exp . '.' ID '(' ')'
   61 ExpRest: ExpRest ',' Exp .

    '+'  сдвиг, и переход в состояние 96
    '-'  сдвиг, и переход в состояние 97
    '*'  сдвиг, и переход в состояние 98
    '/'  сдвиг, и переход в состояние 99
    '.'  сдвиг, и переход в состояние 100
    '['  сдвиг, и переход в состояние 101

    $default  вывод с использованием правила 61 (ExpRest)
